<?xml version="1.0" encoding="UTF-8"?>
<!-- Generated by org.testng.reporters.JUnitReportReporter -->
<testsuite hostname="IN-3SJWDK3" failures="0" tests="4" name="com.nagarro.nagp.testpackage.LandingPageTest" time="111.696" errors="0" timestamp="2024-04-21T16:25:15 IST" skipped="0">
  <testcase classname="com.nagarro.nagp.testpackage.LandingPageTest" name="displayLoginForm" time="33.368"/>
  <system-out/>
  <testcase classname="com.nagarro.nagp.testpackage.LandingPageTest" name="displayShowTicketsPage" time="34.618"/>
  <system-out/>
  <testcase classname="com.nagarro.nagp.testpackage.LandingPageTest" name="displayLandingPage" time="30.148"/>
  <system-out/>
  <testcase classname="com.nagarro.nagp.testpackage.LandingPageTest" name="displayHelpPage" time="13.562"/>
  <system-out/>
</testsuite> <!-- com.nagarro.nagp.testpackage.LandingPageTest -->
