<?xml version="1.0" encoding="UTF-8"?>
<!-- Generated by org.testng.reporters.JUnitReportReporter -->
<testsuite hostname="IN-3SJWDK3" failures="0" tests="4" name="com.nagarro.nagp.testpackage.searchBusTest" time="89.909" errors="0" timestamp="2024-04-21T15:28:23 IST" skipped="0">
  <testcase classname="com.nagarro.nagp.testpackage.searchBusTest" name="bookBus" time="23.463"/>
  <system-out/>
  <testcase classname="com.nagarro.nagp.testpackage.searchBusTest" name="sortBusBySleeperClass" time="24.440"/>
  <system-out/>
  <testcase classname="com.nagarro.nagp.testpackage.searchBusTest" name="searchBusNoResult" time="20.338"/>
  <system-out/>
  <testcase classname="com.nagarro.nagp.testpackage.searchBusTest" name="searchBusResultFound" time="21.668"/>
  <system-out/>
</testsuite> <!-- com.nagarro.nagp.testpackage.searchBusTest -->
