<?xml version="1.0" encoding="UTF-8"?>
<!-- Generated by org.testng.reporters.JUnitReportReporter -->
<testsuite hostname="IN-3SJWDK3" failures="0" tests="1" name="com.nagarro.nagp.testpackage.TC_DatePicker" time="5.405" errors="0" timestamp="2024-04-11T16:02:36 IST" skipped="0">
  <testcase classname="com.nagarro.nagp.testpackage.TC_DatePicker" name="testDatePicker" time="5.405"/>
  <system-out/>
</testsuite> <!-- com.nagarro.nagp.testpackage.TC_DatePicker -->
