<?xml version="1.0" encoding="UTF-8"?>
<!-- Generated by org.testng.reporters.JUnitReportReporter -->
<testsuite hostname="IN-3SJWDK3" failures="0" tests="3" name="com.nagarro.nagp.testpackage.LandingPageTest" time="41.651" errors="0" timestamp="2024-04-14T21:52:06 IST" skipped="0">
  <testcase classname="com.nagarro.nagp.testpackage.LandingPageTest" name="displayHelpPage" time="16.903"/>
  <system-out/>
  <testcase classname="com.nagarro.nagp.testpackage.LandingPageTest" name="displayLandingPage" time="11.529"/>
  <system-out/>
  <testcase classname="com.nagarro.nagp.testpackage.LandingPageTest" name="displayLoginForm" time="13.219"/>
  <system-out/>
</testsuite> <!-- com.nagarro.nagp.testpackage.LandingPageTest -->
