<?xml version="1.0" encoding="UTF-8"?>
<!-- Generated by org.testng.reporters.JUnitReportReporter -->
<testsuite hostname="IN-3SJWDK3" failures="0" tests="4" name="com.nagarro.nagp.testpackage.searchBusTest" time="96.462" errors="0" timestamp="2024-04-21T16:29:17 IST" skipped="0">
  <testcase classname="com.nagarro.nagp.testpackage.searchBusTest" name="bookBus" time="21.390"/>
  <system-out/>
  <testcase classname="com.nagarro.nagp.testpackage.searchBusTest" name="searchBusNoResult" time="17.813"/>
  <system-out/>
  <testcase classname="com.nagarro.nagp.testpackage.searchBusTest" name="sortBusBySleeperClass" time="18.574"/>
  <system-out/>
  <testcase classname="com.nagarro.nagp.testpackage.searchBusTest" name="searchBusResultFound" time="38.685"/>
  <system-out/>
</testsuite> <!-- com.nagarro.nagp.testpackage.searchBusTest -->
